<?xml version="1.0" encoding="UTF-8"?>
<!-- Generated by org.testng.reporters.JUnitReportReporter -->
<testsuite hostname="ATMECSINDT-083" failures="0" tests="6" name="com.AtmecsAutomation.TestScript.ValidateHomePage" time="47.780" errors="0" timestamp="03 Oct 2019 13:16:42 GMT" skipped="0">
  <testcase classname="com.AtmecsAutomation.TestScript.ValidateHomePage" name="clickExploreNow" time="9.559"/>
  <testcase classname="com.AtmecsAutomation.TestScript.ValidateHomePage" name="validatePageLoadedOrNotAndBreadCrumb" time="9.318"/>
  <testcase classname="com.AtmecsAutomation.TestScript.ValidateHomePage" name="validatePageLoadedOrNotAndBreadCrumb" time="6.928"/>
  <testcase classname="com.AtmecsAutomation.TestScript.ValidateHomePage" name="validatePageLoadedOrNotAndBreadCrumb" time="6.323"/>
  <testcase classname="com.AtmecsAutomation.TestScript.ValidateHomePage" name="validatePageLoadedOrNotAndBreadCrumb" time="8.136"/>
  <testcase classname="com.AtmecsAutomation.TestScript.ValidateHomePage" name="validatePageLoadedOrNotAndBreadCrumb" time="7.516"/>
</testsuite> <!-- com.AtmecsAutomation.TestScript.ValidateHomePage -->
