<?xml version="1.0" encoding="UTF-8"?>
<!-- Generated by org.testng.reporters.JUnitReportReporter -->
<testsuite hostname="ATMECSINDT-083" failures="0" tests="6" name="com.AtmecsAutomation.TestScript.ValidateUserOnNewPageOrNot" time="46.721" errors="0" timestamp="03 Oct 2019 13:02:34 GMT" skipped="0">
  <testcase classname="com.AtmecsAutomation.TestScript.ValidateUserOnNewPageOrNot" name="clickExploreNow" time="10.002"/>
  <testcase classname="com.AtmecsAutomation.TestScript.ValidateUserOnNewPageOrNot" name="validatePageLoadedOrNot" time="7.498"/>
  <testcase classname="com.AtmecsAutomation.TestScript.ValidateUserOnNewPageOrNot" name="validatePageLoadedOrNot" time="7.639"/>
  <testcase classname="com.AtmecsAutomation.TestScript.ValidateUserOnNewPageOrNot" name="validatePageLoadedOrNot" time="6.050"/>
  <testcase classname="com.AtmecsAutomation.TestScript.ValidateUserOnNewPageOrNot" name="validatePageLoadedOrNot" time="7.569"/>
  <testcase classname="com.AtmecsAutomation.TestScript.ValidateUserOnNewPageOrNot" name="validatePageLoadedOrNot" time="7.963"/>
</testsuite> <!-- com.AtmecsAutomation.TestScript.ValidateUserOnNewPageOrNot -->
