<?xml version="1.0" encoding="UTF-8"?>
<!-- Generated by org.testng.reporters.JUnitReportReporter -->
<testsuite hostname="ATMECSINDT-083" failures="0" tests="6" name="com.AtmecsAutomation.TestScript.ValidateHomePage" time="46.159" errors="0" timestamp="03 Oct 2019 15:08:29 GMT" skipped="0">
  <testcase classname="com.AtmecsAutomation.TestScript.ValidateHomePage" name="clickExploreNow" time="10.039"/>
  <testcase classname="com.AtmecsAutomation.TestScript.ValidateHomePage" name="validatePageLoadedOrNotAndBreadCrumb" time="6.561"/>
  <testcase classname="com.AtmecsAutomation.TestScript.ValidateHomePage" name="validatePageLoadedOrNotAndBreadCrumb" time="7.195"/>
  <testcase classname="com.AtmecsAutomation.TestScript.ValidateHomePage" name="validatePageLoadedOrNotAndBreadCrumb" time="6.479"/>
  <testcase classname="com.AtmecsAutomation.TestScript.ValidateHomePage" name="validatePageLoadedOrNotAndBreadCrumb" time="7.511"/>
  <testcase classname="com.AtmecsAutomation.TestScript.ValidateHomePage" name="validatePageLoadedOrNotAndBreadCrumb" time="8.374"/>
</testsuite> <!-- com.AtmecsAutomation.TestScript.ValidateHomePage -->
